<?xml version="1.0" encoding="UTF-8"?>
<testsuite name="dev.vortsu.VortsuApplicationTests" tests="1" skipped="0" failures="0" errors="0" timestamp="2025-02-10T05:34:11" hostname="TRAWERU" time="1.669">
  <properties/>
  <testcase name="contextLoads()" classname="dev.vortsu.VortsuApplicationTests" time="1.669"/>
  <system-out><![CDATA[08:34:06.199 [Test worker] INFO org.springframework.test.context.support.AnnotationConfigContextLoaderUtils -- Could not detect default configuration classes for test class [dev.vortsu.VortsuApplicationTests]: VortsuApplicationTests does not declare any static, non-private, non-final, nested classes annotated with @Configuration.
08:34:06.508 [Test worker] INFO org.springframework.boot.test.context.SpringBootTestContextBootstrapper -- Found @SpringBootConfiguration dev.vortsu.VortsuApplication for test class dev.vortsu.VortsuApplicationTests

  .   ____          _            __ _ _
 /\\ / ___'_ __ _ _(_)_ __  __ _ \ \ \ \
( ( )\___ | '_ | '_| | '_ \/ _` | \ \ \ \
 \\/  ___)| |_)| | | | | || (_| |  ) ) ) )
  '  |____| .__|_| |_|_| |_\__, | / / / /
 =========|_|==============|___/=/_/_/_/

 :: Spring Boot ::                (v3.3.7)

2025-02-10T08:34:07.559+03:00  INFO 4424 --- [vortsu] [    Test worker] dev.vortsu.VortsuApplicationTests        : Starting VortsuApplicationTests using Java 17.0.13 with PID 4424 (started by 22138 in C:\workspace_univer\vortsu)
2025-02-10T08:34:07.562+03:00  INFO 4424 --- [vortsu] [    Test worker] dev.vortsu.VortsuApplicationTests        : No active profile set, falling back to 1 default profile: "default"
2025-02-10T08:34:11.230+03:00  INFO 4424 --- [vortsu] [    Test worker] dev.vortsu.VortsuApplicationTests        : Started VortsuApplicationTests in 4.212 seconds (process running for 7.224)
]]></system-out>
  <system-err><![CDATA[]]></system-err>
</testsuite>
